2025-05-02 23:11:34,781 - luminara.training - INFO - Starting model training and evaluation
2025-05-02 23:11:34,782 - luminara.training - INFO - Loading training data from /Users/lianghaochen/Luminara/data/processed/train.csv
2025-05-02 23:11:34,784 - luminara.training - INFO - Loaded 700 training records
2025-05-02 23:11:34,784 - luminara.training - INFO - Loading test data from /Users/lianghaochen/Luminara/data/processed/test.csv
2025-05-02 23:11:34,785 - luminara.training - INFO - Loaded 150 test records
2025-05-02 23:11:34,786 - luminara.training - INFO - Variable cardinalities: {'M': 3, 'C': 3, 'G': 3, 'RP': 3, 'B': 3, 'DC': 3, 'DT': 3, 'FC': 3, 'CAC': 3, 'R': 3, 'ATA': 3, 'Y': 2}
2025-05-02 23:11:34,786 - luminara.training - INFO - Using predefined train/test split: 700 training samples, 150 test samples
2025-05-02 23:11:34,786 - luminara.training - INFO - Training CRF model
2025-05-02 23:11:57,285 - luminara.training - INFO - Saving model to /Users/lianghaochen/Luminara/results/models/investment_crf_model_20250502_231134.pkl
2025-05-02 23:11:57,286 - luminara.training - INFO - Performing basic model evaluation
2025-05-02 23:11:57,288 - luminara.training - INFO - Model accuracy on test data: 0.6600
2025-05-02 23:11:57,294 - luminara.training - INFO - Generating evaluation plots
2025-05-02 23:11:57,444 - luminara.training - INFO - Calculating feature importance
2025-05-02 23:11:57,444 - luminara.training - INFO - Calculating feature importance with clique awareness
2025-05-02 23:11:57,447 - luminara.training - INFO - Baseline accuracy: 0.6600
2025-05-02 23:11:57,450 - luminara.training - INFO - Calculating importance for feature CAC
2025-05-02 23:11:57,458 - luminara.training - INFO -   Importance: 0.0100
2025-05-02 23:11:57,458 - luminara.training - INFO - Calculating importance for feature G
2025-05-02 23:11:57,465 - luminara.training - INFO -   Importance: 0.0100
2025-05-02 23:11:57,465 - luminara.training - INFO - Calculating importance for feature B
2025-05-02 23:11:57,472 - luminara.training - INFO -   Importance: 0.0100
2025-05-02 23:11:57,472 - luminara.training - INFO - Calculating importance for feature M
2025-05-02 23:11:57,479 - luminara.training - INFO -   Importance: 0.0100
2025-05-02 23:11:57,479 - luminara.training - INFO - Calculating importance for feature R
2025-05-02 23:11:57,487 - luminara.training - INFO -   Importance: 0.0301
2025-05-02 23:11:57,487 - luminara.training - INFO - Calculating importance for feature C
2025-05-02 23:11:57,494 - luminara.training - INFO -   Importance: 0.0000
2025-05-02 23:11:57,494 - luminara.training - INFO - Calculating importance for feature DC
2025-05-02 23:11:57,501 - luminara.training - INFO -   Importance: 0.0671
2025-05-02 23:11:57,501 - luminara.training - INFO - Calculating importance for feature DT
2025-05-02 23:11:57,509 - luminara.training - INFO -   Importance: 0.0100
2025-05-02 23:11:57,509 - luminara.training - INFO - Calculating importance for feature RP
2025-05-02 23:11:57,516 - luminara.training - INFO -   Importance: 0.0764
2025-05-02 23:11:57,516 - luminara.training - INFO - Calculating importance for feature FC
2025-05-02 23:11:57,523 - luminara.training - INFO -   Importance: 0.0000
2025-05-02 23:11:57,523 - luminara.training - INFO - Calculating importance for feature ATA
2025-05-02 23:11:57,530 - luminara.training - INFO -   Importance: 0.0000
2025-05-02 23:11:57,671 - luminara.training - INFO - Performing cross-validation
2025-05-02 23:11:57,672 - luminara.training - INFO - Training fold 1/5
2025-05-02 23:12:13,389 - luminara.training - INFO - Fold 1 accuracy: 0.7286
2025-05-02 23:12:13,389 - luminara.training - INFO - Training fold 2/5
2025-05-02 23:12:29,688 - luminara.training - INFO - Fold 2 accuracy: 0.7571
2025-05-02 23:12:29,688 - luminara.training - INFO - Training fold 3/5
2025-05-02 23:12:44,659 - luminara.training - INFO - Fold 3 accuracy: 0.7357
2025-05-02 23:12:44,659 - luminara.training - INFO - Training fold 4/5
2025-05-02 23:12:57,426 - luminara.training - INFO - Fold 4 accuracy: 0.7000
2025-05-02 23:12:57,426 - luminara.training - INFO - Training fold 5/5
2025-05-02 23:13:16,393 - luminara.training - INFO - Fold 5 accuracy: 0.7357
2025-05-02 23:13:16,396 - luminara.training - INFO - Model training and evaluation completed successfully
